<?xml version="1.0" encoding="UTF-8"?>
<!-- Generated by org.testng.reporters.JUnitXMLReporter -->
<testsuite ignored="0" hostname="nandakiran-nfl" failures="1" tests="1" name="Smoke Suite" time="35.333" errors="0" timestamp="2026-02-01T19:53:40 IST">
  <testcase classname="test_classes.LoginTests" name="lauchingApplication" time="17.819">
    <failure type="java.lang.AssertionError" message="The following asserts failed:
	Located by By.chained({AppiumBy.id: com.app.smartdigibook:id/textViewselectedCountry}) element is not found, please check below :: 
Can&amp;apos;t locate an element by this strategy: By.chained({AppiumBy.id: com.app.smartdigibook:id/textViewselectedCountry})">
      <![CDATA[java.lang.AssertionError: The following asserts failed:
Located by By.chained({AppiumBy.id: com.app.smartdigibook:id/textViewselectedCountry}) element is not found, please check below :: 
Can't locate an element by this strategy: By.chained({AppiumBy.id: com.app.smartdigibook:id/textViewselectedCountry})
at actions.ActionsHelper.callAssertAll(ActionsHelper.java:22)
at repository.LoginScreen.callAssertAll(LoginScreen.java:208)
at test_classes.LoginTests.lauchingApplication(LoginTests.java:34)
at java.base/java.util.ArrayList.forEach(ArrayList.java:1511)
... Removed 29 stack frames]]>
    </failure>
  </testcase> <!-- lauchingApplication -->
</testsuite> <!-- Smoke Suite -->
