<?xml version="1.0" encoding="UTF-8"?>
<testsuite xmlns:xsi="http://www.w3.org/2001/XMLSchema-instance" xsi:noNamespaceSchemaLocation="https://maven.apache.org/surefire/maven-surefire-plugin/xsd/surefire-test-report.xsd" version="3.0.2" name="TestSuite" time="567.432" tests="1" errors="0" skipped="0" failures="1">
  <properties>
[...]
</properties>
  <testcase name="lauchingApplication" classname="test_class.LoginTests" time="548.007">
    <failure message="The following asserts failed:&#10;	Located by By.chained({AppiumBy.id: com.app.smartdigibook:id/txtLoginYourAccount}) element is not found.,&#10;	Located by By.chained({AppiumBy.id: com.app.smartdigibook:id/imgCountry}) element is not found.,&#10;	Located by By.chained({AppiumBy.id: com.app.smartdigibook:id/textViewselectedCountry}) element is not found.,&#10;	Located by By.chained({AppiumBy.id: com.app.smartdigibook:id/edtYourMobileNumber}) element is not found.,&#10;	Located by By.chained({AppiumBy.id: com.app.smartdigibook:id/txtCodePin}) element is not found.,&#10;	Located by By.chained({AppiumBy.id: com.app.smartdigibook:id/pinViewCode}) element is not found.,&#10;	Located by By.chained({AppiumBy.id: com.app.smartdigibook:id/btnLogin}) element is not found." type="java.lang.AssertionError"><![CDATA[java.lang.AssertionError: 
The following asserts failed:
	Located by By.chained({AppiumBy.id: com.app.smartdigibook:id/txtLoginYourAccount}) element is not found.,
	Located by By.chained({AppiumBy.id: com.app.smartdigibook:id/imgCountry}) element is not found.,
	Located by By.chained({AppiumBy.id: com.app.smartdigibook:id/textViewselectedCountry}) element is not found.,
	Located by By.chained({AppiumBy.id: com.app.smartdigibook:id/edtYourMobileNumber}) element is not found.,
	Located by By.chained({AppiumBy.id: com.app.smartdigibook:id/txtCodePin}) element is not found.,
	Located by By.chained({AppiumBy.id: com.app.smartdigibook:id/pinViewCode}) element is not found.,
	Located by By.chained({AppiumBy.id: com.app.smartdigibook:id/btnLogin}) element is not found.
	at org.testng.asserts.SoftAssert.assertAll(SoftAssert.java:46)
	at org.testng.asserts.SoftAssert.assertAll(SoftAssert.java:30)
	at actions.ActionsHelper.callAssertAll(ActionsHelper.java:22)
	at repository.LoginScreen.callAssertAll(LoginScreen.java:208)
	at test_class.LoginTests.lauchingApplication(LoginTests.java:34)
	at java.base/jdk.internal.reflect.NativeMethodAccessorImpl.invoke0(Native Method)
	at java.base/jdk.internal.reflect.NativeMethodAccessorImpl.invoke(NativeMethodAccessorImpl.java:77)
	at java.base/jdk.internal.reflect.DelegatingMethodAccessorImpl.invoke(DelegatingMethodAccessorImpl.java:43)
	at java.base/java.lang.reflect.Method.invoke(Method.java:568)
	at org.testng.internal.invokers.MethodInvocationHelper.invokeMethod(MethodInvocationHelper.java:141)
	at org.testng.internal.invokers.TestInvoker.invokeMethod(TestInvoker.java:687)
	at org.testng.internal.invokers.TestInvoker.invokeTestMethod(TestInvoker.java:230)
	at org.testng.internal.invokers.MethodRunner.runInSequence(MethodRunner.java:63)
	at org.testng.internal.invokers.TestInvoker$MethodInvocationAgent.invoke(TestInvoker.java:995)
	at org.testng.internal.invokers.TestInvoker.invokeTestMethods(TestInvoker.java:203)
	at org.testng.internal.invokers.TestMethodWorker.invokeTestMethods(TestMethodWorker.java:154)
	at org.testng.internal.invokers.TestMethodWorker.run(TestMethodWorker.java:134)
	at java.base/java.util.ArrayList.forEach(ArrayList.java:1511)
	at org.testng.TestRunner.privateRun(TestRunner.java:741)
	at org.testng.TestRunner.run(TestRunner.java:616)
	at org.testng.SuiteRunner.runTest(SuiteRunner.java:421)
	at org.testng.SuiteRunner.runSequentially(SuiteRunner.java:413)
	at org.testng.SuiteRunner.privateRun(SuiteRunner.java:373)
	at org.testng.SuiteRunner.run(SuiteRunner.java:312)
	at org.testng.SuiteRunnerWorker.runSuite(SuiteRunnerWorker.java:52)
	at org.testng.SuiteRunnerWorker.run(SuiteRunnerWorker.java:95)
	at org.testng.TestNG.runSuitesSequentially(TestNG.java:1274)
	at org.testng.TestNG.runSuitesLocally(TestNG.java:1208)
	at org.testng.TestNG.runSuites(TestNG.java:1112)
	at org.testng.TestNG.run(TestNG.java:1079)
	at org.apache.maven.surefire.testng.TestNGExecutor.run(TestNGExecutor.java:308)
	at org.apache.maven.surefire.testng.TestNGXmlTestSuite.execute(TestNGXmlTestSuite.java:71)
	at org.apache.maven.surefire.testng.TestNGProvider.invoke(TestNGProvider.java:113)
	at org.apache.maven.surefire.booter.ForkedBooter.runSuitesInProcess(ForkedBooter.java:385)
	at org.apache.maven.surefire.booter.ForkedBooter.execute(ForkedBooter.java:162)
	at org.apache.maven.surefire.booter.ForkedBooter.run(ForkedBooter.java:507)
	at org.apache.maven.surefire.booter.ForkedBooter.main(ForkedBooter.java:495)
]]></failure>
    <system-out><![CDATA[Execution environment : uat and platform : android
appPackage : com.app.smartdigibook and appActivity : com.app.smartdigibook.ui.activity.splash.SplashActivity
username : 7777777733 and password : 777777
Automation engine is trying to lauching application with these capabilities :Capabilities {appium:appActivity: com.app.smartdigibook.ui.ac..., appium:appPackage: com.app.smartdigibook, appium:autoGrantPermissions: true, appium:automationName: UiAutomator2, appium:deviceName: Emulator, appium:noReset: true, appium:udid: emulator-5554, platformName: ANDROID}
After creating instance of android AndroidDriver:  on ANDROID (684ae271-fb03-48dd-82cc-e00ade6b7e16)
launing the apploication
]]></system-out>
    <system-err><![CDATA[SLF4J(W): No SLF4J providers were found.
SLF4J(W): Defaulting to no-operation (NOP) logger implementation
SLF4J(W): See https://www.slf4j.org/codes.html#noProviders for further details.
]]></system-err>
  </testcase>
</testsuite>