<?xml version="1.0" encoding="UTF-8"?>
<!-- Generated by org.testng.reporters.JUnitXMLReporter -->
<testsuite ignored="0" hostname="nandakiran-nfl" failures="1" tests="1" name="Smoke Suite" time="566.588" errors="0" timestamp="2026-01-23T11:33:27 IST">
  <testcase classname="test_class.LoginTests" name="lauchingApplication" time="547.924">
    <failure type="java.lang.AssertionError" message="The following asserts failed:
	Located by By.chained({AppiumBy.id: com.app.smartdigibook:id/txtLoginYourAccount}) element is not found.,
	Located by By.chained({AppiumBy.id: com.app.smartdigibook:id/imgCountry}) element is not found.,
	Located by By.chained({AppiumBy.id: com.app.smartdigibook:id/textViewselectedCountry}) element is not found.,
	Located by By.chained({AppiumBy.id: com.app.smartdigibook:id/edtYourMobileNumber}) element is not found.,
	Located by By.chained({AppiumBy.id: com.app.smartdigibook:id/txtCodePin}) element is not found.,
	Located by By.chained({AppiumBy.id: com.app.smartdigibook:id/pinViewCode}) element is not found.,
	Located by By.chained({AppiumBy.id: com.app.smartdigibook:id/btnLogin}) element is not found.">
      <![CDATA[java.lang.AssertionError: The following asserts failed:
Located by By.chained({AppiumBy.id: com.app.smartdigibook:id/txtLoginYourAccount}) element is not found.,
Located by By.chained({AppiumBy.id: com.app.smartdigibook:id/imgCountry}) element is not found.,
Located by By.chained({AppiumBy.id: com.app.smartdigibook:id/textViewselectedCountry}) element is not found.,
Located by By.chained({AppiumBy.id: com.app.smartdigibook:id/edtYourMobileNumber}) element is not found.,
Located by By.chained({AppiumBy.id: com.app.smartdigibook:id/txtCodePin}) element is not found.,
Located by By.chained({AppiumBy.id: com.app.smartdigibook:id/pinViewCode}) element is not found.,
Located by By.chained({AppiumBy.id: com.app.smartdigibook:id/btnLogin}) element is not found.
at actions.ActionsHelper.callAssertAll(ActionsHelper.java:22)
at repository.LoginScreen.callAssertAll(LoginScreen.java:208)
at test_class.LoginTests.lauchingApplication(LoginTests.java:34)
at java.base/java.util.ArrayList.forEach(ArrayList.java:1511)
... Removed 33 stack frames]]>
    </failure>
  </testcase> <!-- lauchingApplication -->
</testsuite> <!-- Smoke Suite -->
