<?xml version="1.0" encoding="UTF-8"?>
<!-- Generated by org.testng.reporters.JUnitReportReporter -->
<testsuite hostname="nandakiran-nfl" failures="0" tests="1" name="test_classes.HomeTests" time="95.891" errors="0" timestamp="2026-02-01T19:53:40 IST" skipped="0">
  <testcase classname="test_classes.HomeTests" name="lauchingApplication" time="95.891">
    <system-out>
      <![CDATA[launing the apploication]]>
    </system-out>
  </testcase> <!-- lauchingApplication -->
  <system-out>
    <![CDATA[Execution environment : uat and platform : android
appPackage : com.app.smartdigibook and appActivity : com.app.smartdigibook.ui.activity.splash.SplashActivity
username : 7777777733 and password : 777777
System is trying to lauching the application
Automation engine is trying to lauching application with these capabilities :Capabilities {appium:appActivity: com.app.smartdigibook.ui.ac..., appium:appPackage: com.app.smartdigibook, appium:appWaitForLaunch: true, appium:autoGrantPermissions: true, appium:automationName: UiAutomator2, appium:deviceName: Emulator, appium:noReset: false, appium:resetKeyboard: false, appium:udid: emulator-5554, appium:unicodeKeyboard: true, platformName: ANDROID}
After creating instance of android AndroidDriver:  on ANDROID (a2c47fec-173c-4d78-a60c-1508b27ba143)
launing the apploication
System is trying to tear down the driver AndroidDriver:  on ANDROID (a2c47fec-173c-4d78-a60c-1508b27ba143)
Execution environment : uat and platform : android
appPackage : com.app.smartdigibook and appActivity : com.app.smartdigibook.ui.activity.splash.SplashActivity
username : 7777777733 and password : 777777
System is trying to lauching the application
Automation engine is trying to lauching application with these capabilities :Capabilities {appium:appActivity: com.app.smartdigibook.ui.ac..., appium:appPackage: com.app.smartdigibook, appium:appWaitForLaunch: true, appium:autoGrantPermissions: true, appium:automationName: UiAutomator2, appium:deviceName: Emulator, appium:noReset: false, appium:resetKeyboard: false, appium:udid: emulator-5554, appium:unicodeKeyboard: true, platformName: ANDROID}
After creating instance of android AndroidDriver:  on ANDROID (850da597-d6d4-4895-8a4e-9a0ed03031be)
launing the apploication
System is trying to tear down the driver AndroidDriver:  on ANDROID (850da597-d6d4-4895-8a4e-9a0ed03031be)]]>
  </system-out>
</testsuite> <!-- test_classes.HomeTests -->
