<?xml version="1.0" encoding="UTF-8"?>
<!-- Generated by org.testng.reporters.JUnitReportReporter -->
<testsuite hostname="nandakiran-nfl" failures="0" tests="1" name="test_class.LaunchingApplication" time="0.920" errors="0" timestamp="2026-01-06T18:25:05 IST" skipped="0">
  <testcase classname="test_class.LaunchingApplication" name="lauchingApplication" time="0.920">
    <system-out>
      <![CDATA[launing the apploication]]>
    </system-out>
  </testcase> <!-- lauchingApplication -->
  <system-out>
    <![CDATA[Execution environment : uat and platform : android
appPackage : com.app.smartdigibook and appActivity : com.app.smartdigibook.ui.activity.splash.SplashActivity
System is trying to lauching the application
Automation engine is trying to lauching application with these capabilities :Capabilities {appium:appActivity: com.app.smartdigibook.ui.ac..., appium:appPackage: com.app.smartdigibook, appium:autoGrantPermissions: true, appium:automationName: UiAutomator2, appium:deviceName: Emulator, appium:noReset: false, appium:udid: emulator-5554, platformName: ANDROID}
After creating instance of android AndroidDriver:  on ANDROID (c35c80f3-975a-4ffb-9940-063207ece449)
launing the apploication
System is trying to tear down the driver AndroidDriver:  on ANDROID (null)]]>
  </system-out>
</testsuite> <!-- test_class.LaunchingApplication -->
