<?xml version="1.0" encoding="UTF-8"?>
<!-- Generated by org.testng.reporters.JUnitReportReporter -->
<testsuite hostname="nandakiran-nfl" failures="0" tests="1" name="test_class.HomeTests" time="66.109" errors="0" timestamp="2026-02-01T16:43:22 IST" skipped="0">
  <testcase classname="test_class.HomeTests" name="lauchingApplication" time="66.109">
    <system-out>
      <![CDATA[launing the apploication]]>
    </system-out>
  </testcase> <!-- lauchingApplication -->
  <system-out>
    <![CDATA[Execution environment : uat and platform : android
appPackage : com.app.smartdigibook and appActivity : com.app.smartdigibook.ui.activity.splash.SplashActivity
username : 7777777733 and password : 777777
System is trying to lauching the application
Automation engine is trying to lauching application with these capabilities :Capabilities {appium:appActivity: com.app.smartdigibook.ui.ac..., appium:appPackage: com.app.smartdigibook, appium:appWaitForLaunch: true, appium:autoGrantPermissions: true, appium:automationName: UiAutomator2, appium:deviceName: Emulator, appium:noReset: false, appium:resetKeyboard: false, appium:udid: emulator-5554, appium:unicodeKeyboard: true, platformName: ANDROID}
After creating instance of android AndroidDriver:  on ANDROID (4d91b857-0475-45fd-a2a6-71995646348d)
launing the apploication
System is trying to tear down the driver AndroidDriver:  on ANDROID (4d91b857-0475-45fd-a2a6-71995646348d)
Execution environment : uat and platform : android
appPackage : com.app.smartdigibook and appActivity : com.app.smartdigibook.ui.activity.splash.SplashActivity
username : 7777777733 and password : 777777
System is trying to lauching the application
Automation engine is trying to lauching application with these capabilities :Capabilities {appium:appActivity: com.app.smartdigibook.ui.ac..., appium:appPackage: com.app.smartdigibook, appium:appWaitForLaunch: true, appium:autoGrantPermissions: true, appium:automationName: UiAutomator2, appium:deviceName: Emulator, appium:noReset: false, appium:resetKeyboard: false, appium:udid: emulator-5554, appium:unicodeKeyboard: true, platformName: ANDROID}
After creating instance of android AndroidDriver:  on ANDROID (c0d38559-954a-48cc-a4cc-7f2f740dbffb)
launing the apploication
System is trying to tear down the driver AndroidDriver:  on ANDROID (c0d38559-954a-48cc-a4cc-7f2f740dbffb)]]>
  </system-out>
</testsuite> <!-- test_class.HomeTests -->
